\BOOKMARK [0][-]{chapter.1}{\376\377\000\332\000v\000o\000d}{}% 1
\BOOKMARK [0][-]{chapter.2}{\376\377\000M\000o\000n\000i\000t\000o\000r\000i\000n\000g\000\040\000s\000\355\001\145\000o\000v\000\375\000c\000h\000\040\000d\000a\000t}{}% 2
\BOOKMARK [1][-]{section.2.1}{\376\377\000N\000e\000m\000e\000a}{chapter.2}% 3
\BOOKMARK [2][-]{subsection.2.1.1}{\376\377\000H\000l\000a\000v\000n\000\355\000\040\000k\000o\000m\000p\000o\000n\000e\000n\000t\000y}{section.2.1}% 4
\BOOKMARK [1][-]{section.2.2}{\376\377\000I\000D\000E\000A}{chapter.2}% 5
\BOOKMARK [1][-]{section.2.3}{\376\377\000D\000a\000l\001\141\000\355\000\040\000m\000o\000n\000i\000t\000o\000r\000o\000v\000a\000c\000\355\000\040\000s\000y\000s\000t\000\351\000m\000y}{chapter.2}% 6
\BOOKMARK [0][-]{chapter.3}{\376\377\000T\000e\000c\000h\000n\000o\000l\000o\000g\000i\000e}{}% 7
\BOOKMARK [1][-]{section.3.1}{\376\377\000D\000o\000s\000t\000u\000p\000n\000\351\000\040\000t\000e\000c\000h\000n\000o\000l\000o\000g\000i\000e}{chapter.3}% 8
\BOOKMARK [1][-]{section.3.2}{\376\377\000V\000\375\000b\001\033\000r\000\040\000t\000e\000c\000h\000n\000o\000l\000o\000g\000i\000\355}{chapter.3}% 9
\BOOKMARK [1][-]{section.3.3}{\376\377\000Z\000v\000o\000l\000e\000n\000\351\000\040\000t\000e\000c\000h\000n\000o\000l\000o\000g\000i\000e}{chapter.3}% 10
\BOOKMARK [0][-]{chapter.4}{\376\377\000A\000r\000c\000h\000i\000t\000e\000k\000t\000u\000r\000a\000\040\000a\000p\000l\000i\000k\000a\000c\000e}{}% 11
\BOOKMARK [1][-]{section.4.1}{\376\377\000R\000E\000S\000T\000\040\000A\000P\000I}{chapter.4}% 12
\BOOKMARK [1][-]{section.4.2}{\376\377\000D\000a\000t\000a\000b\000\341\000z\000e\000\040\000u\000d\000\341\000l\000o\000s\000t\000\355}{chapter.4}% 13
\BOOKMARK [1][-]{section.4.3}{\376\377\000G\000U\000I}{chapter.4}% 14
\BOOKMARK [0][-]{chapter.5}{\376\377\000I\000m\000p\000l\000e\000m\000e\000n\000t\000a\000c\000e}{}% 15
\BOOKMARK [1][-]{section.5.1}{\376\377\000B\000a\000c\000k\000e\000n\000d}{chapter.5}% 16
\BOOKMARK [1][-]{section.5.2}{\376\377\000F\000r\000o\000n\000t\000e\000n\000d}{chapter.5}% 17
\BOOKMARK [1][-]{section.5.3}{\376\377\000Z\000a\000b\000e\000z\000p\000e\001\015\000e\000n\000\355}{chapter.5}% 18
\BOOKMARK [1][-]{section.5.4}{\376\377\000D\000i\000s\000t\000r\000i\000b\000u\000c\000e}{chapter.5}% 19
\BOOKMARK [0][-]{chapter.6}{\376\377\000D\000o\000s\000a\001\176\000e\000n\000\351\000\040\000v\000\375\000s\000l\000e\000d\000k\000y}{}% 20
\BOOKMARK [1][-]{section.6.1}{\376\377\000N\000\341\000z\000o\000r\000y\000\040\000u\001\176\000i\000v\000a\000t\000e\000l\001\157}{chapter.6}% 21
\BOOKMARK [1][-]{section.6.2}{\376\377\000N\000a\000s\000a\000z\000e\000n\000\355\000\040\000v\000\040\000p\000r\000a\000x\000i}{chapter.6}% 22
\BOOKMARK [0][-]{chapter.7}{\376\377\000Z\000\341\000v\001\033\000r}{}% 23
\BOOKMARK [0][-]{chapter*.4}{\376\377\000L\000i\000t\000e\000r\000a\000t\000u\000r\000a}{}% 24
\BOOKMARK [0][-]{section*.5}{\376\377\000P\001\131\000\355\000l\000o\000h\000y}{}% 25
\BOOKMARK [1][-]{section*.6}{\376\377\000S\000e\000z\000n\000a\000m\000\040\000p\001\131\000\355\000l\000o\000h}{section*.5}% 26
